2026-06-19T09:45:28.000+01:00  INFO 13552 --- [DAShop] [restartedMain] ndgroups.DAShop.DaShopApplication        : Starting DaShopApplication using Java 18.0.1.1 with PID 13552 (C:\Users\USXER\Documents\projects\dashop\DAShop\target\classes started by USXER in C:\Users\USXER\Documents\projects\dashop\DAShop)
2026-06-19T09:45:28.016+01:00  INFO 13552 --- [DAShop] [restartedMain] ndgroups.DAShop.DaShopApplication        : No active profile set, falling back to 1 default profile: "default"
2026-06-19T09:45:28.283+01:00  INFO 13552 --- [DAShop] [restartedMain] .e.DevToolsPropertyDefaultsPostProcessor : Devtools property defaults active! Set 'spring.devtools.add-properties' to 'false' to disable
2026-06-19T09:45:28.284+01:00  INFO 13552 --- [DAShop] [restartedMain] .e.DevToolsPropertyDefaultsPostProcessor : For additional web related logging consider setting the 'logging.level.web' property to 'DEBUG'
2026-06-19T09:45:35.361+01:00  INFO 13552 --- [DAShop] [restartedMain] .s.d.r.c.RepositoryConfigurationDelegate : Bootstrapping Spring Data JPA repositories in DEFAULT mode.
2026-06-19T09:45:35.775+01:00  INFO 13552 --- [DAShop] [restartedMain] .s.d.r.c.RepositoryConfigurationDelegate : Finished Spring Data repository scanning in 368 ms. Found 9 JPA repository interfaces.
2026-06-19T09:45:44.725+01:00  INFO 13552 --- [DAShop] [restartedMain] o.s.b.w.embedded.tomcat.TomcatWebServer  : Tomcat initialized with port 8080 (http)
2026-06-19T09:45:44.808+01:00  INFO 13552 --- [DAShop] [restartedMain] o.apache.catalina.core.StandardService   : Starting service [Tomcat]
2026-06-19T09:45:44.808+01:00  INFO 13552 --- [DAShop] [restartedMain] o.apache.catalina.core.StandardEngine    : Starting Servlet engine: [Apache Tomcat/10.1.30]
2026-06-19T09:45:45.157+01:00  INFO 13552 --- [DAShop] [restartedMain] o.a.c.c.C.[Tomcat].[localhost].[/]       : Initializing Spring embedded WebApplicationContext
2026-06-19T09:45:45.159+01:00  INFO 13552 --- [DAShop] [restartedMain] w.s.c.ServletWebServerApplicationContext : Root WebApplicationContext: initialization completed in 16871 ms
2026-06-19T09:45:45.533+01:00  INFO 13552 --- [DAShop] [restartedMain] com.zaxxer.hikari.HikariDataSource       : HikariPool-1 - Starting...
2026-06-19T09:45:53.116+01:00  INFO 13552 --- [DAShop] [restartedMain] com.zaxxer.hikari.pool.HikariPool        : HikariPool-1 - Added connection com.mysql.cj.jdbc.ConnectionImpl@696ad84a
2026-06-19T09:45:53.121+01:00  INFO 13552 --- [DAShop] [restartedMain] com.zaxxer.hikari.HikariDataSource       : HikariPool-1 - Start completed.
2026-06-19T09:45:53.172+01:00  INFO 13552 --- [DAShop] [restartedMain] o.s.b.a.h2.H2ConsoleAutoConfiguration    : H2 console available at '/h2-console'. Database available at 'jdbc:mysql://localhost:3306/DaShop?createDatabaseIfNotExist=true'
2026-06-19T09:45:54.192+01:00  INFO 13552 --- [DAShop] [restartedMain] o.hibernate.jpa.internal.util.LogHelper  : HHH000204: Processing PersistenceUnitInfo [name: default]
2026-06-19T09:45:55.539+01:00  INFO 13552 --- [DAShop] [restartedMain] org.hibernate.Version                    : HHH000412: Hibernate ORM core version 6.5.3.Final
2026-06-19T09:45:56.060+01:00  INFO 13552 --- [DAShop] [restartedMain] o.h.c.internal.RegionFactoryInitiator    : HHH000026: Second-level cache disabled
2026-06-19T09:45:58.840+01:00  INFO 13552 --- [DAShop] [restartedMain] o.s.o.j.p.SpringPersistenceUnitInfo      : No LoadTimeWeaver setup: ignoring JPA class transformer
2026-06-19T09:46:04.984+01:00  INFO 13552 --- [DAShop] [restartedMain] o.h.e.t.j.p.i.JtaPlatformInitiator       : HHH000489: No JTA platform available (set 'hibernate.transaction.jta.platform' to enable JTA platform integration)
2026-06-19T09:46:29.395+01:00  INFO 13552 --- [DAShop] [restartedMain] j.LocalContainerEntityManagerFactoryBean : Initialized JPA EntityManagerFactory for persistence unit 'default'
2026-06-19T09:46:34.253+01:00  INFO 13552 --- [DAShop] [restartedMain] eAuthenticationProviderManagerConfigurer : Global AuthenticationManager configured with AuthenticationProvider bean with name daoAuthenticationProvider
2026-06-19T09:46:34.259+01:00  WARN 13552 --- [DAShop] [restartedMain] r$InitializeUserDetailsManagerConfigurer : Global AuthenticationManager configured with an AuthenticationProvider bean. UserDetailsService beans will not be used for username/password login. Consider removing the AuthenticationProvider bean. Alternatively, consider using the UserDetailsService in a manually instantiated DaoAuthenticationProvider.
2026-06-19T09:46:34.556+01:00  WARN 13552 --- [DAShop] [restartedMain] ConfigServletWebServerApplicationContext : Exception encountered during context initialization - cancelling refresh attempt: org.springframework.beans.factory.UnsatisfiedDependencyException: Error creating bean with name 'cartItemController': Unsatisfied dependency expressed through field 'cartItemService': Error creating bean with name 'cartItemService': Unsatisfied dependency expressed through field 'productService': Error creating bean with name 'productService': Unsatisfied dependency expressed through field 'cloudinaryService': Error creating bean with name 'cloudinaryService' defined in file [C:\Users\USXER\Documents\projects\dashop\DAShop\target\classes\ndgroups\DAShop\service\impl\CloudinaryService.class]: Unsatisfied dependency expressed through constructor parameter 0: No qualifying bean of type 'com.cloudinary.Cloudinary' available: expected at least 1 bean which qualifies as autowire candidate. Dependency annotations: {}
2026-06-19T09:46:34.558+01:00  INFO 13552 --- [DAShop] [restartedMain] j.LocalContainerEntityManagerFactoryBean : Closing JPA EntityManagerFactory for persistence unit 'default'
2026-06-19T09:46:34.563+01:00  INFO 13552 --- [DAShop] [restartedMain] com.zaxxer.hikari.HikariDataSource       : HikariPool-1 - Shutdown initiated...
2026-06-19T09:46:34.649+01:00  INFO 13552 --- [DAShop] [restartedMain] com.zaxxer.hikari.HikariDataSource       : HikariPool-1 - Shutdown completed.
2026-06-19T09:46:34.654+01:00  INFO 13552 --- [DAShop] [restartedMain] o.apache.catalina.core.StandardService   : Stopping service [Tomcat]
2026-06-19T09:46:34.873+01:00  INFO 13552 --- [DAShop] [restartedMain] .s.b.a.l.ConditionEvaluationReportLogger : 

Error starting ApplicationContext. To display the condition evaluation report re-run your application with 'debug' enabled.
2026-06-19T09:46:35.059+01:00 ERROR 13552 --- [DAShop] [restartedMain] o.s.b.d.LoggingFailureAnalysisReporter   : 

***************************
APPLICATION FAILED TO START
***************************

Description:

Parameter 0 of constructor in ndgroups.DAShop.service.impl.CloudinaryService required a bean of type 'com.cloudinary.Cloudinary' that could not be found.

The injection point has the following annotations:
	- @org.springframework.beans.factory.annotation.Autowired(required=true)


Action:

Consider defining a bean of type 'com.cloudinary.Cloudinary' in your configuration.

2026-06-19T10:17:55.439+01:00  INFO 10404 --- [DAShop] [restartedMain] ndgroups.DAShop.DaShopApplication        : Starting DaShopApplication using Java 18.0.1.1 with PID 10404 (C:\Users\USXER\Documents\projects\dashop\DAShop\target\classes started by USXER in C:\Users\USXER\Documents\projects\dashop\DAShop)
2026-06-19T10:17:55.445+01:00  INFO 10404 --- [DAShop] [restartedMain] ndgroups.DAShop.DaShopApplication        : No active profile set, falling back to 1 default profile: "default"
2026-06-19T10:17:55.631+01:00  INFO 10404 --- [DAShop] [restartedMain] .e.DevToolsPropertyDefaultsPostProcessor : Devtools property defaults active! Set 'spring.devtools.add-properties' to 'false' to disable
2026-06-19T10:17:55.632+01:00  INFO 10404 --- [DAShop] [restartedMain] .e.DevToolsPropertyDefaultsPostProcessor : For additional web related logging consider setting the 'logging.level.web' property to 'DEBUG'
2026-06-19T10:17:57.648+01:00  INFO 10404 --- [DAShop] [restartedMain] .s.d.r.c.RepositoryConfigurationDelegate : Bootstrapping Spring Data JPA repositories in DEFAULT mode.
2026-06-19T10:17:57.864+01:00  INFO 10404 --- [DAShop] [restartedMain] .s.d.r.c.RepositoryConfigurationDelegate : Finished Spring Data repository scanning in 199 ms. Found 9 JPA repository interfaces.
2026-06-19T10:18:00.326+01:00  INFO 10404 --- [DAShop] [restartedMain] o.s.b.w.embedded.tomcat.TomcatWebServer  : Tomcat initialized with port 8080 (http)
2026-06-19T10:18:00.408+01:00  INFO 10404 --- [DAShop] [restartedMain] o.apache.catalina.core.StandardService   : Starting service [Tomcat]
2026-06-19T10:18:00.409+01:00  INFO 10404 --- [DAShop] [restartedMain] o.apache.catalina.core.StandardEngine    : Starting Servlet engine: [Apache Tomcat/10.1.30]
2026-06-19T10:18:00.668+01:00  INFO 10404 --- [DAShop] [restartedMain] o.a.c.c.C.[Tomcat].[localhost].[/]       : Initializing Spring embedded WebApplicationContext
2026-06-19T10:18:00.669+01:00  INFO 10404 --- [DAShop] [restartedMain] w.s.c.ServletWebServerApplicationContext : Root WebApplicationContext: initialization completed in 5036 ms
2026-06-19T10:18:01.014+01:00  INFO 10404 --- [DAShop] [restartedMain] com.zaxxer.hikari.HikariDataSource       : HikariPool-1 - Starting...
2026-06-19T10:18:03.650+01:00  INFO 10404 --- [DAShop] [restartedMain] com.zaxxer.hikari.pool.HikariPool        : HikariPool-1 - Added connection com.mysql.cj.jdbc.ConnectionImpl@2f127912
2026-06-19T10:18:03.658+01:00  INFO 10404 --- [DAShop] [restartedMain] com.zaxxer.hikari.HikariDataSource       : HikariPool-1 - Start completed.
2026-06-19T10:18:03.728+01:00  INFO 10404 --- [DAShop] [restartedMain] o.s.b.a.h2.H2ConsoleAutoConfiguration    : H2 console available at '/h2-console'. Database available at 'jdbc:mysql://localhost:3306/DaShop?createDatabaseIfNotExist=true'
2026-06-19T10:18:04.889+01:00  INFO 10404 --- [DAShop] [restartedMain] o.hibernate.jpa.internal.util.LogHelper  : HHH000204: Processing PersistenceUnitInfo [name: default]
2026-06-19T10:18:05.355+01:00  INFO 10404 --- [DAShop] [restartedMain] org.hibernate.Version                    : HHH000412: Hibernate ORM core version 6.5.3.Final
2026-06-19T10:18:05.595+01:00  INFO 10404 --- [DAShop] [restartedMain] o.h.c.internal.RegionFactoryInitiator    : HHH000026: Second-level cache disabled
2026-06-19T10:18:07.289+01:00  INFO 10404 --- [DAShop] [restartedMain] o.s.o.j.p.SpringPersistenceUnitInfo      : No LoadTimeWeaver setup: ignoring JPA class transformer
2026-06-19T10:18:13.829+01:00  INFO 10404 --- [DAShop] [restartedMain] o.h.e.t.j.p.i.JtaPlatformInitiator       : HHH000489: No JTA platform available (set 'hibernate.transaction.jta.platform' to enable JTA platform integration)
2026-06-19T10:18:17.121+01:00  INFO 10404 --- [DAShop] [restartedMain] j.LocalContainerEntityManagerFactoryBean : Initialized JPA EntityManagerFactory for persistence unit 'default'
2026-06-19T10:18:20.416+01:00  INFO 10404 --- [DAShop] [restartedMain] eAuthenticationProviderManagerConfigurer : Global AuthenticationManager configured with AuthenticationProvider bean with name daoAuthenticationProvider
2026-06-19T10:18:20.419+01:00  WARN 10404 --- [DAShop] [restartedMain] r$InitializeUserDetailsManagerConfigurer : Global AuthenticationManager configured with an AuthenticationProvider bean. UserDetailsService beans will not be used for username/password login. Consider removing the AuthenticationProvider bean. Alternatively, consider using the UserDetailsService in a manually instantiated DaoAuthenticationProvider.
2026-06-19T10:18:21.732+01:00  WARN 10404 --- [DAShop] [restartedMain] JpaBaseConfiguration$JpaWebConfiguration : spring.jpa.open-in-view is enabled by default. Therefore, database queries may be performed during view rendering. Explicitly configure spring.jpa.open-in-view to disable this warning
2026-06-19T10:18:22.236+01:00  INFO 10404 --- [DAShop] [restartedMain] o.s.b.a.w.s.WelcomePageHandlerMapping    : Adding welcome page template: index
2026-06-19T10:18:24.580+01:00  INFO 10404 --- [DAShop] [restartedMain] o.s.b.d.a.OptionalLiveReloadServer       : LiveReload server is running on port 35729
2026-06-19T10:18:24.781+01:00  INFO 10404 --- [DAShop] [restartedMain] o.s.b.w.embedded.tomcat.TomcatWebServer  : Tomcat started on port 8080 (http) with context path '/'
2026-06-19T10:18:24.823+01:00  INFO 10404 --- [DAShop] [restartedMain] ndgroups.DAShop.DaShopApplication        : Started DaShopApplication in 30.278 seconds (process running for 31.729)
